#
# There is insufficient memory for the Java Runtime Environment to continue.
# Native memory allocation (mmap) failed to map 87031808 bytes for committing reserved memory.
# Possible reasons:
#   The system is out of physical RAM or swap space
#   The process is running with CompressedOops enabled, and the Java Heap may be blocking the growth of the native heap
# Possible solutions:
#   Reduce memory load on the system
#   Increase physical memory or swap space
#   Check if swap backing store is full
#   Decrease Java heap size (-Xmx/-Xms)
#   Decrease number of Java threads
#   Decrease Java thread stack sizes (-Xss)
#   Set larger code cache with -XX:ReservedCodeCacheSize=
#   JVM is running with Unscaled Compressed Oops mode in which the Java heap is
#     placed in the first 4GB address space. The Java Heap base address is the
#     maximum limit for the native heap growth. Please use -XX:HeapBaseMinAddress
#     to set the Java Heap base and to place the Java Heap above 4GB virtual address.
# This output file may be truncated or incomplete.
#
#  Out of Memory Error (os_linux.cpp:2757), pid=28284, tid=0x00007fd01f2f2700
#
# JRE version: OpenJDK Runtime Environment (8.0_252-b09) (build 1.8.0_252-8u252-b09-1~16.04-b09)
# Java VM: OpenJDK 64-Bit Server VM (25.252-b09 mixed mode linux-amd64 compressed oops)
# Failed to write core dump. Core dumps have been disabled. To enable core dumping, try "ulimit -c unlimited" before starting Java again
#

---------------  T H R E A D  ---------------

Current thread (0x00007fd038078800):  VMThread [stack: 0x00007fd01f1f2000,0x00007fd01f2f3000] [id=28296]

Stack: [0x00007fd01f1f2000,0x00007fd01f2f3000],  sp=0x00007fd01f2f1390,  free space=1020k
Native frames: (J=compiled Java code, j=interpreted, Vv=VM code, C=native code)
V  [libjvm.so+0xa7af9b]
V  [libjvm.so+0x4ccc7c]
V  [libjvm.so+0x8c8ce8]
V  [libjvm.so+0x8c032e]
V  [libjvm.so+0x93e076]
V  [libjvm.so+0x93f3a3]
V  [libjvm.so+0x93ba84]
V  [libjvm.so+0x93bd1c]
V  [libjvm.so+0x8ed9e3]
V  [libjvm.so+0xa7ccd2]
V  [libjvm.so+0xa81db7]
V  [libjvm.so+0xa7f5c7]
V  [libjvm.so+0xa80855]
V  [libjvm.so+0xa80e22]
V  [libjvm.so+0x8c6042]

VM_Operation (0x00007fd03e9e88e0): ParallelGCFailedAllocation, mode: safepoint, requested by thread 0x00007fd03800b000


---------------  P R O C E S S  ---------------

Java Threads: ( => current thread )
  0x00007fd0380c0800 JavaThread "Service Thread" daemon [_thread_blocked, id=28303, stack(0x00007fd01e12c000,0x00007fd01e22d000)]
  0x00007fd0380bd000 JavaThread "C1 CompilerThread2" daemon [_thread_blocked, id=28302, stack(0x00007fd01e22d000,0x00007fd01e32e000)]
  0x00007fd0380bb800 JavaThread "C2 CompilerThread1" daemon [_thread_blocked, id=28301, stack(0x00007fd01e32e000,0x00007fd01e42f000)]
  0x00007fd0380b8800 JavaThread "C2 CompilerThread0" daemon [_thread_blocked, id=28300, stack(0x00007fd01e42f000,0x00007fd01e530000)]
  0x00007fd0380b7000 JavaThread "Signal Dispatcher" daemon [_thread_blocked, id=28299, stack(0x00007fd01e530000,0x00007fd01e631000)]
  0x00007fd038086800 JavaThread "Finalizer" daemon [_thread_blocked, id=28298, stack(0x00007fd01eff0000,0x00007fd01f0f1000)]
  0x00007fd038082000 JavaThread "Reference Handler" daemon [_thread_blocked, id=28297, stack(0x00007fd01f0f1000,0x00007fd01f1f2000)]
  0x00007fd03800b000 JavaThread "main" [_thread_blocked, id=28291, stack(0x00007fd03e8ea000,0x00007fd03e9eb000)]

Other Threads:
=>0x00007fd038078800 VMThread [stack: 0x00007fd01f1f2000,0x00007fd01f2f3000] [id=28296]
  0x00007fd0380c3000 WatcherThread [stack: 0x00007fd01e02b000,0x00007fd01e12c000] [id=28304]

VM state:at safepoint (normal execution)

VM Mutex/Monitor currently owned by a thread:  ([mutex/lock_event])
[0x00007fd038007190] Threads_lock - owner thread: 0x00007fd038078800
[0x00007fd038007690] Heap_lock - owner thread: 0x00007fd03800b000

heap address: 0x00000000b1000000, size: 1264 MB, Compressed Oops mode: 32-bit
Narrow klass base: 0x0000000000000000, Narrow klass shift: 3
Compressed class space size: 1073741824 Address: 0x0000000100000000

Heap:
 PSYoungGen      total 88064K, used 96K [0x00000000e5b00000, 0x00000000eb500000, 0x0000000100000000)
  eden space 83968K, 0% used [0x00000000e5b00000,0x00000000e5b00000,0x00000000ead00000)
  from space 4096K, 2% used [0x00000000ead00000,0x00000000ead18000,0x00000000eb100000)
  to   space 4096K, 0% used [0x00000000eb100000,0x00000000eb100000,0x00000000eb500000)
 ParOldGen       total 54784K, used 4039K [0x00000000b1000000, 0x00000000b4580000, 0x00000000e5b00000)
  object space 54784K, 7% used [0x00000000b1000000,0x00000000b13f1e80,0x00000000b4580000)
 Metaspace       used 9597K, capacity 9862K, committed 10112K, reserved 1058816K
  class space    used 1023K, capacity 1105K, committed 1152K, reserved 1048576K

Card table byte_map: [0x00007fd027b41000,0x00007fd027dba000] byte_map_base: 0x00007fd0275b9000

Marking Bits: (ParMarkBitMap*) 0x00007fd03dbb25a0
 Begin Bits: [0x00007fd024fbd000, 0x00007fd02637d000)
 End Bits:   [0x00007fd02637d000, 0x00007fd02773d000)

Polling page: 0x00007fd03ea06000

CodeCache: size=245760Kb used=3862Kb max_used=3877Kb free=241897Kb
 bounds [0x00007fd02817a000, 0x00007fd02854a000, 0x00007fd03717a000]
 total_blobs=1443 nmethods=1073 adapters=285
 compilation: enabled

Compilation events (10 events):
Event: 168.153 Thread 0x00007fd0380b8800 1070       4       java.net.SocketInputStream::read (15 bytes)
Event: 176.085 Thread 0x00007fd0380bb800 1071       4       java.io.BufferedInputStream::read1 (108 bytes)
Event: 196.351 Thread 0x00007fd0380bb800 nmethod 1071 0x00007fd02853dad0 code [0x00007fd02853dc40, 0x00007fd02853de48]
Event: 200.663 Thread 0x00007fd0380bb800 1073  s    4       java.io.BufferedOutputStream::write (67 bytes)
Event: 222.211 Thread 0x00007fd0380b8800 nmethod 1070 0x00007fd02853d7d0 code [0x00007fd02853d920, 0x00007fd02853d9c8]
Event: 226.054 Thread 0x00007fd0380b8800 1074  s    4       java.io.BufferedInputStream::read (113 bytes)
Event: 243.055 Thread 0x00007fd0380bb800 nmethod 1073 0x00007fd02853ef10 code [0x00007fd02853f0a0, 0x00007fd02853f678]
Event: 249.527 Thread 0x00007fd0380bb800 1075       4       java.io.FileOutputStream::write (12 bytes)
Event: 274.164 Thread 0x00007fd0380bb800 nmethod 1075 0x00007fd0284b9750 code [0x00007fd0284b98a0, 0x00007fd0284b9928]
Event: 287.858 Thread 0x00007fd0380bb800 1076   !   4       sun.security.ssl.InputRecord::readFully (137 bytes)

GC Heap History (10 events):
Event: 7.946 GC heap after
Heap after GC invocations=2 (full 0):
 PSYoungGen      total 24064K, used 3024K [0x00000000e5b00000, 0x00000000e7580000, 0x0000000100000000)
  eden space 20992K, 0% used [0x00000000e5b00000,0x00000000e5b00000,0x00000000e6f80000)
  from space 3072K, 98% used [0x00000000e7280000,0x00000000e7574030,0x00000000e7580000)
  to   space 3072K, 0% used [0x00000000e6f80000,0x00000000e6f80000,0x00000000e7280000)
 ParOldGen       total 54784K, used 950K [0x00000000b1000000, 0x00000000b4580000, 0x00000000e5b00000)
  object space 54784K, 1% used [0x00000000b1000000,0x00000000b10edac8,0x00000000b4580000)
 Metaspace       used 9577K, capacity 9798K, committed 10112K, reserved 1058816K
  class space    used 1023K, capacity 1105K, committed 1152K, reserved 1048576K
}
Event: 11.773 GC heap before
{Heap before GC invocations=3 (full 0):
 PSYoungGen      total 24064K, used 24016K [0x00000000e5b00000, 0x00000000e7580000, 0x0000000100000000)
  eden space 20992K, 100% used [0x00000000e5b00000,0x00000000e6f80000,0x00000000e6f80000)
  from space 3072K, 98% used [0x00000000e7280000,0x00000000e7574030,0x00000000e7580000)
  to   space 3072K, 0% used [0x00000000e6f80000,0x00000000e6f80000,0x00000000e7280000)
 ParOldGen       total 54784K, used 950K [0x00000000b1000000, 0x00000000b4580000, 0x00000000e5b00000)
  object space 54784K, 1% used [0x00000000b1000000,0x00000000b10edac8,0x00000000b4580000)
 Metaspace       used 9597K, capacity 9862K, committed 10112K, reserved 1058816K
  class space    used 1023K, capacity 1105K, committed 1152K, reserved 1048576K
Event: 13.661 GC heap after
Heap after GC invocations=3 (full 0):
 PSYoungGen      total 24064K, used 3057K [0x00000000e5b00000, 0x00000000e8a00000, 0x0000000100000000)
  eden space 20992K, 0% used [0x00000000e5b00000,0x00000000e5b00000,0x00000000e6f80000)
  from space 3072K, 99% used [0x00000000e6f80000,0x00000000e727c4c0,0x00000000e7280000)
  to   space 3072K, 0% used [0x00000000e8700000,0x00000000e8700000,0x00000000e8a00000)
 ParOldGen       total 54784K, used 998K [0x00000000b1000000, 0x00000000b4580000, 0x00000000e5b00000)
  object space 54784K, 1% used [0x00000000b1000000,0x00000000b10f9ac8,0x00000000b4580000)
 Metaspace       used 9597K, capacity 9862K, committed 10112K, reserved 1058816K
  class space    used 1023K, capacity 1105K, committed 1152K, reserved 1048576K
}
Event: 16.750 GC heap before
{Heap before GC invocations=4 (full 0):
 PSYoungGen      total 24064K, used 24049K [0x00000000e5b00000, 0x00000000e8a00000, 0x0000000100000000)
  eden space 20992K, 100% used [0x00000000e5b00000,0x00000000e6f80000,0x00000000e6f80000)
  from space 3072K, 99% used [0x00000000e6f80000,0x00000000e727c4c0,0x00000000e7280000)
  to   space 3072K, 0% used [0x00000000e8700000,0x00000000e8700000,0x00000000e8a00000)
 ParOldGen       total 54784K, used 998K [0x00000000b1000000, 0x00000000b4580000, 0x00000000e5b00000)
  object space 54784K, 1% used [0x00000000b1000000,0x00000000b10f9ac8,0x00000000b4580000)
 Metaspace       used 9597K, capacity 9862K, committed 10112K, reserved 1058816K
  class space    used 1023K, capacity 1105K, committed 1152K, reserved 1048576K
Event: 18.082 GC heap after
Heap after GC invocations=4 (full 0):
 PSYoungGen      total 45056K, used 3040K [0x00000000e5b00000, 0x00000000e8a00000, 0x0000000100000000)
  eden space 41984K, 0% used [0x00000000e5b00000,0x00000000e5b00000,0x00000000e8400000)
  from space 3072K, 98% used [0x00000000e8700000,0x00000000e89f8050,0x00000000e8a00000)
  to   space 3072K, 0% used [0x00000000e8400000,0x00000000e8400000,0x00000000e8700000)
 ParOldGen       total 54784K, used 1006K [0x00000000b1000000, 0x00000000b4580000, 0x00000000e5b00000)
  object space 54784K, 1% used [0x00000000b1000000,0x00000000b10fbac8,0x00000000b4580000)
 Metaspace       used 9597K, capacity 9862K, committed 10112K, reserved 1058816K
  class space    used 1023K, capacity 1105K, committed 1152K, reserved 1048576K
}
Event: 57.674 GC heap before
{Heap before GC invocations=5 (full 0):
 PSYoungGen      total 45056K, used 45024K [0x00000000e5b00000, 0x00000000e8a00000, 0x0000000100000000)
  eden space 41984K, 100% used [0x00000000e5b00000,0x00000000e8400000,0x00000000e8400000)
  from space 3072K, 98% used [0x00000000e8700000,0x00000000e89f8050,0x00000000e8a00000)
  to   space 3072K, 0% used [0x00000000e8400000,0x00000000e8400000,0x00000000e8700000)
 ParOldGen       total 54784K, used 1006K [0x00000000b1000000, 0x00000000b4580000, 0x00000000e5b00000)
  object space 54784K, 1% used [0x00000000b1000000,0x00000000b10fbac8,0x00000000b4580000)
 Metaspace       used 9597K, capacity 9862K, committed 10112K, reserved 1058816K
  class space    used 1023K, capacity 1105K, committed 1152K, reserved 1048576K
Event: 62.696 GC heap after
Heap after GC invocations=5 (full 0):
 PSYoungGen      total 45056K, used 3040K [0x00000000e5b00000, 0x00000000eb500000, 0x0000000100000000)
  eden space 41984K, 0% used [0x00000000e5b00000,0x00000000e5b00000,0x00000000e8400000)
  from space 3072K, 98% used [0x00000000e8400000,0x00000000e86f8260,0x00000000e8700000)
  to   space 4096K, 0% used [0x00000000eb100000,0x00000000eb100000,0x00000000eb500000)
 ParOldGen       total 54784K, used 1030K [0x00000000b1000000, 0x00000000b4580000, 0x00000000e5b00000)
  object space 54784K, 1% used [0x00000000b1000000,0x00000000b1101ad8,0x00000000b4580000)
 Metaspace       used 9597K, capacity 9862K, committed 10112K, reserved 1058816K
  class space    used 1023K, capacity 1105K, committed 1152K, reserved 1048576K
}
Event: 182.158 GC heap before
{Heap before GC invocations=6 (full 0):
 PSYoungGen      total 45056K, used 45024K [0x00000000e5b00000, 0x00000000eb500000, 0x0000000100000000)
  eden space 41984K, 100% used [0x00000000e5b00000,0x00000000e8400000,0x00000000e8400000)
  from space 3072K, 98% used [0x00000000e8400000,0x00000000e86f8260,0x00000000e8700000)
  to   space 4096K, 0% used [0x00000000eb100000,0x00000000eb100000,0x00000000eb500000)
 ParOldGen       total 54784K, used 1030K [0x00000000b1000000, 0x00000000b4580000, 0x00000000e5b00000)
  object space 54784K, 1% used [0x00000000b1000000,0x00000000b1101ad8,0x00000000b4580000)
 Metaspace       used 9597K, capacity 9862K, committed 10112K, reserved 1058816K
  class space    used 1023K, capacity 1105K, committed 1152K, reserved 1048576K
Event: 189.538 GC heap after
Heap after GC invocations=6 (full 0):
 PSYoungGen      total 88064K, used 3024K [0x00000000e5b00000, 0x00000000eb500000, 0x0000000100000000)
  eden space 83968K, 0% used [0x00000000e5b00000,0x00000000e5b00000,0x00000000ead00000)
  from space 4096K, 73% used [0x00000000eb100000,0x00000000eb3f4270,0x00000000eb500000)
  to   space 4096K, 0% used [0x00000000ead00000,0x00000000ead00000,0x00000000eb100000)
 ParOldGen       total 54784K, used 1030K [0x00000000b1000000, 0x00000000b4580000, 0x00000000e5b00000)
  object space 54784K, 1% used [0x00000000b1000000,0x00000000b1101ad8,0x00000000b4580000)
 Metaspace       used 9597K, capacity 9862K, committed 10112K, reserved 1058816K
  class space    used 1023K, capacity 1105K, committed 1152K, reserved 1048576K
}
Event: 306.844 GC heap before
{Heap before GC invocations=7 (full 0):
 PSYoungGen      total 88064K, used 86992K [0x00000000e5b00000, 0x00000000eb500000, 0x0000000100000000)
  eden space 83968K, 100% used [0x00000000e5b00000,0x00000000ead00000,0x00000000ead00000)
  from space 4096K, 73% used [0x00000000eb100000,0x00000000eb3f4270,0x00000000eb500000)
  to   space 4096K, 0% used [0x00000000ead00000,0x00000000ead00000,0x00000000eb100000)
 ParOldGen       total 54784K, used 1030K [0x00000000b1000000, 0x00000000b4580000, 0x00000000e5b00000)
  object space 54784K, 1% used [0x00000000b1000000,0x00000000b1101ad8,0x00000000b4580000)
 Metaspace       used 9597K, capacity 9862K, committed 10112K, reserved 1058816K
  class space    used 1023K, capacity 1105K, committed 1152K, reserved 1048576K

Deoptimization events (10 events):
Event: 2.760 Thread 0x00007fd03800b000 Uncommon trap: reason=class_check action=maybe_recompile pc=0x00007fd02830c818 method=java.util.regex.Pattern$BmpCharProperty.match(Ljava/util/regex/Matcher;ILjava/lang/CharSequence;)Z @ 16
Event: 2.760 Thread 0x00007fd03800b000 Uncommon trap: reason=class_check action=maybe_recompile pc=0x00007fd02830c818 method=java.util.regex.Pattern$BmpCharProperty.match(Ljava/util/regex/Matcher;ILjava/lang/CharSequence;)Z @ 16
Event: 2.760 Thread 0x00007fd03800b000 Uncommon trap: reason=class_check action=maybe_recompile pc=0x00007fd02830c818 method=java.util.regex.Pattern$BmpCharProperty.match(Ljava/util/regex/Matcher;ILjava/lang/CharSequence;)Z @ 16
Event: 3.174 Thread 0x00007fd03800b000 Uncommon trap: reason=unstable_if action=reinterpret pc=0x00007fd028402278 method=java.lang.String.toLowerCase(Ljava/util/Locale;)Ljava/lang/String; @ 226
Event: 3.683 Thread 0x00007fd03800b000 Uncommon trap: reason=class_check action=maybe_recompile pc=0x00007fd0284562c8 method=sun.security.util.math.intpoly.IntegerPolynomial$MutableElement.setSum(Lsun/security/util/math/IntegerModuloP;)Lsun/security/util/math/intpoly/IntegerPolynomial$MutableE
Event: 3.683 Thread 0x00007fd03800b000 Uncommon trap: reason=class_check action=maybe_recompile pc=0x00007fd0284562c8 method=sun.security.util.math.intpoly.IntegerPolynomial$MutableElement.setSum(Lsun/security/util/math/IntegerModuloP;)Lsun/security/util/math/intpoly/IntegerPolynomial$MutableE
Event: 3.684 Thread 0x00007fd03800b000 Uncommon trap: reason=class_check action=maybe_recompile pc=0x00007fd0284562c8 method=sun.security.util.math.intpoly.IntegerPolynomial$MutableElement.setSum(Lsun/security/util/math/IntegerModuloP;)Lsun/security/util/math/intpoly/IntegerPolynomial$MutableE
Event: 3.684 Thread 0x00007fd03800b000 Uncommon trap: reason=class_check action=maybe_recompile pc=0x00007fd0284562c8 method=sun.security.util.math.intpoly.IntegerPolynomial$MutableElement.setSum(Lsun/security/util/math/IntegerModuloP;)Lsun/security/util/math/intpoly/IntegerPolynomial$MutableE
Event: 3.849 Thread 0x00007fd03800b000 Uncommon trap: reason=unstable_if action=reinterpret pc=0x00007fd02842ae48 method=java.util.Arrays.equals([B[B)Z @ 12
Event: 4.413 Thread 0x00007fd03800b000 Uncommon trap: reason=predicate action=maybe_recompile pc=0x00007fd0284776d8 method=java.util.regex.Pattern$SliceI.match(Ljava/util/regex/Matcher;ILjava/lang/CharSequence;)Z @ 21

Classes redefined (0 events):
No events

Internal exceptions (10 events):
Event: 0.226 Thread 0x00007fd03800b000 Exception <a 'java/lang/NoSuchMethodError': Method sun.misc.Unsafe.prefetchRead(Ljava/lang/Object;J)V name or signature does not match> (0x00000000e5b07fa8) thrown at [/build/openjdk-8-uwNjBd/openjdk-8-8u252-b09/src/hotspot/src/share/vm/prims/jni.cpp, lin
Event: 1.536 Thread 0x00007fd03800b000 Exception <a 'java/security/PrivilegedActionException'> (0x00000000e5c8fe38) thrown at [/build/openjdk-8-uwNjBd/openjdk-8-8u252-b09/src/hotspot/src/share/vm/prims/jvm.cpp, line 1502]
Event: 1.536 Thread 0x00007fd03800b000 Exception <a 'java/security/PrivilegedActionException'> (0x00000000e5c90048) thrown at [/build/openjdk-8-uwNjBd/openjdk-8-8u252-b09/src/hotspot/src/share/vm/prims/jvm.cpp, line 1502]
Event: 1.537 Thread 0x00007fd03800b000 Exception <a 'java/security/PrivilegedActionException'> (0x00000000e5c920d0) thrown at [/build/openjdk-8-uwNjBd/openjdk-8-8u252-b09/src/hotspot/src/share/vm/prims/jvm.cpp, line 1502]
Event: 1.537 Thread 0x00007fd03800b000 Exception <a 'java/security/PrivilegedActionException'> (0x00000000e5c922e0) thrown at [/build/openjdk-8-uwNjBd/openjdk-8-8u252-b09/src/hotspot/src/share/vm/prims/jvm.cpp, line 1502]
Event: 1.537 Thread 0x00007fd03800b000 Exception <a 'java/security/PrivilegedActionException'> (0x00000000e5c92db8) thrown at [/build/openjdk-8-uwNjBd/openjdk-8-8u252-b09/src/hotspot/src/share/vm/prims/jvm.cpp, line 1502]
Event: 1.537 Thread 0x00007fd03800b000 Exception <a 'java/security/PrivilegedActionException'> (0x00000000e5c92fc8) thrown at [/build/openjdk-8-uwNjBd/openjdk-8-8u252-b09/src/hotspot/src/share/vm/prims/jvm.cpp, line 1502]
Event: 2.688 Thread 0x00007fd03800b000 Exception <a 'java/lang/NoSuchFieldError': method resolution failed> (0x00000000e65e0a50) thrown at [/build/openjdk-8-uwNjBd/openjdk-8-8u252-b09/src/hotspot/src/share/vm/prims/methodHandles.cpp, line 1167]
Event: 2.697 Thread 0x00007fd03800b000 Exception <a 'java/lang/NoSuchFieldError': method resolution failed> (0x00000000e65ee1c0) thrown at [/build/openjdk-8-uwNjBd/openjdk-8-8u252-b09/src/hotspot/src/share/vm/prims/methodHandles.cpp, line 1167]
Event: 3.848 Thread 0x00007fd03800b000 Implicit null exception at 0x00007fd02842acf8 to 0x00007fd02842ae35

Events (10 events):
Event: 7.946 Executing VM operation: ParallelGCFailedAllocation done
Event: 11.767 Executing VM operation: ParallelGCFailedAllocation
Event: 13.681 Executing VM operation: ParallelGCFailedAllocation done
Event: 15.680 Executing VM operation: ParallelGCFailedAllocation
Event: 18.224 Executing VM operation: ParallelGCFailedAllocation done
Event: 56.626 Executing VM operation: ParallelGCFailedAllocation
Event: 65.452 Executing VM operation: ParallelGCFailedAllocation done
Event: 179.542 Executing VM operation: ParallelGCFailedAllocation
Event: 194.827 Executing VM operation: ParallelGCFailedAllocation done
Event: 305.169 Executing VM operation: ParallelGCFailedAllocation


Dynamic libraries:
b1000000-b4580000 rw-p 00000000 00:00 0 
b4580000-e5b00000 ---p 00000000 00:00 0 
e5b00000-eb500000 rw-p 00000000 00:00 0 
f0800000-100000000 ---p 00000000 00:00 0 
100000000-100120000 rw-p 00000000 00:00 0 
100120000-140000000 ---p 00000000 00:00 0 
55864ec24000-55864ec25000 r-xp 00000000 08:01 1446691                    /usr/lib/jvm/java-8-openjdk-amd64/jre/bin/java
55864ee24000-55864ee25000 r--p 00000000 08:01 1446691                    /usr/lib/jvm/java-8-openjdk-amd64/jre/bin/java
55864ee25000-55864ee26000 rw-p 00001000 08:01 1446691                    /usr/lib/jvm/java-8-openjdk-amd64/jre/bin/java
55864f037000-55864f058000 rw-p 00000000 00:00 0                          [heap]
7fcfe0000000-7fcfe0021000 rw-p 00000000 00:00 0 
7fcfe0021000-7fcfe4000000 ---p 00000000 00:00 0 
7fcfe8000000-7fcfe8021000 rw-p 00000000 00:00 0 
7fcfe8021000-7fcfec000000 ---p 00000000 00:00 0 
7fcfec000000-7fcfec021000 rw-p 00000000 00:00 0 
7fcfec021000-7fcff0000000 ---p 00000000 00:00 0 
7fcff0000000-7fcff04f6000 rw-p 00000000 00:00 0 
7fcff04f6000-7fcff4000000 ---p 00000000 00:00 0 
7fcff4000000-7fcff441b000 rw-p 00000000 00:00 0 
7fcff441b000-7fcff8000000 ---p 00000000 00:00 0 
7fcff8000000-7fcff8021000 rw-p 00000000 00:00 0 
7fcff8021000-7fcffc000000 ---p 00000000 00:00 0 
7fcffc000000-7fcffc1ce000 rw-p 00000000 00:00 0 
7fcffc1ce000-7fd000000000 ---p 00000000 00:00 0 
7fd000000000-7fd000021000 rw-p 00000000 00:00 0 
7fd000021000-7fd004000000 ---p 00000000 00:00 0 
7fd004000000-7fd004021000 rw-p 00000000 00:00 0 
7fd004021000-7fd008000000 ---p 00000000 00:00 0 
7fd008000000-7fd008021000 rw-p 00000000 00:00 0 
7fd008021000-7fd00c000000 ---p 00000000 00:00 0 
7fd00c000000-7fd00c021000 rw-p 00000000 00:00 0 
7fd00c021000-7fd010000000 ---p 00000000 00:00 0 
7fd010000000-7fd010021000 rw-p 00000000 00:00 0 
7fd010021000-7fd014000000 ---p 00000000 00:00 0 
7fd018000000-7fd018021000 rw-p 00000000 00:00 0 
7fd018021000-7fd01c000000 ---p 00000000 00:00 0 
7fd01d08d000-7fd01d090000 ---p 00000000 00:00 0 
7fd01d090000-7fd01d24e000 rw-p 00000000 00:00 0 
7fd01d24e000-7fd01d38e000 ---p 00000000 00:00 0 
7fd01d38e000-7fd01d3a5000 r-xp 00000000 08:01 4592683                    /lib/x86_64-linux-gnu/libresolv-2.23.so
7fd01d3a5000-7fd01d5a5000 ---p 00017000 08:01 4592683                    /lib/x86_64-linux-gnu/libresolv-2.23.so
7fd01d5a5000-7fd01d5a6000 r--p 00017000 08:01 4592683                    /lib/x86_64-linux-gnu/libresolv-2.23.so
7fd01d5a6000-7fd01d5a7000 rw-p 00018000 08:01 4592683                    /lib/x86_64-linux-gnu/libresolv-2.23.so
7fd01d5a7000-7fd01d5a9000 rw-p 00000000 00:00 0 
7fd01d5a9000-7fd01d5ae000 r-xp 00000000 08:01 4592628                    /lib/x86_64-linux-gnu/libnss_dns-2.23.so
7fd01d5ae000-7fd01d7ae000 ---p 00005000 08:01 4592628                    /lib/x86_64-linux-gnu/libnss_dns-2.23.so
7fd01d7ae000-7fd01d7af000 r--p 00005000 08:01 4592628                    /lib/x86_64-linux-gnu/libnss_dns-2.23.so
7fd01d7af000-7fd01d7b0000 rw-p 00006000 08:01 4592628                    /lib/x86_64-linux-gnu/libnss_dns-2.23.so
7fd01d7b0000-7fd01d7b2000 r-xp 00000000 08:01 4592636                    /lib/x86_64-linux-gnu/libnss_mdns4_minimal.so.2
7fd01d7b2000-7fd01d9b1000 ---p 00002000 08:01 4592636                    /lib/x86_64-linux-gnu/libnss_mdns4_minimal.so.2
7fd01d9b1000-7fd01d9b2000 r--p 00001000 08:01 4592636                    /lib/x86_64-linux-gnu/libnss_mdns4_minimal.so.2
7fd01d9b2000-7fd01d9b3000 rw-p 00002000 08:01 4592636                    /lib/x86_64-linux-gnu/libnss_mdns4_minimal.so.2
7fd01d9b8000-7fd01d9cb000 r--s 00346000 08:01 1446661                    /usr/lib/jvm/java-8-openjdk-amd64/jre/lib/resources.jar
7fd01d9cb000-7fd01d9f3000 r-xp 00000000 08:01 1446632                    /usr/lib/jvm/java-8-openjdk-amd64/jre/lib/amd64/libsunec.so
7fd01d9f3000-7fd01dbf3000 ---p 00028000 08:01 1446632                    /usr/lib/jvm/java-8-openjdk-amd64/jre/lib/amd64/libsunec.so
7fd01dbf3000-7fd01dbf7000 r--p 00028000 08:01 1446632                    /usr/lib/jvm/java-8-openjdk-amd64/jre/lib/amd64/libsunec.so
7fd01dbf7000-7fd01dbf8000 rw-p 0002c000 08:01 1446632                    /usr/lib/jvm/java-8-openjdk-amd64/jre/lib/amd64/libsunec.so
7fd01dbf8000-7fd01dbfa000 r--s 00016000 08:01 1446599                    /usr/lib/jvm/java-8-openjdk-amd64/jre/lib/jce.jar
7fd01dbfa000-7fd01dbff000 r--s 000a7000 08:01 1446660                    /usr/lib/jvm/java-8-openjdk-amd64/jre/lib/jsse.jar
7fd01dbff000-7fd01dc16000 r-xp 00000000 08:01 1446638                    /usr/lib/jvm/java-8-openjdk-amd64/jre/lib/amd64/libnet.so
7fd01dc16000-7fd01de16000 ---p 00017000 08:01 1446638                    /usr/lib/jvm/java-8-openjdk-amd64/jre/lib/amd64/libnet.so
7fd01de16000-7fd01de17000 r--p 00017000 08:01 1446638                    /usr/lib/jvm/java-8-openjdk-amd64/jre/lib/amd64/libnet.so
7fd01de17000-7fd01de18000 rw-p 00018000 08:01 1446638                    /usr/lib/jvm/java-8-openjdk-amd64/jre/lib/amd64/libnet.so
7fd01de18000-7fd01de2a000 r-xp 00000000 08:01 1446634                    /usr/lib/jvm/java-8-openjdk-amd64/jre/lib/amd64/libnio.so
7fd01de2a000-7fd01e029000 ---p 00012000 08:01 1446634                    /usr/lib/jvm/java-8-openjdk-amd64/jre/lib/amd64/libnio.so
7fd01e029000-7fd01e02a000 r--p 00011000 08:01 1446634                    /usr/lib/jvm/java-8-openjdk-amd64/jre/lib/amd64/libnio.so
7fd01e02a000-7fd01e02b000 rw-p 00012000 08:01 1446634                    /usr/lib/jvm/java-8-openjdk-amd64/jre/lib/amd64/libnio.so
7fd01e02b000-7fd01e02c000 ---p 00000000 00:00 0 
7fd01e02c000-7fd01e12c000 rw-p 00000000 00:00 0 
7fd01e12c000-7fd01e12f000 ---p 00000000 00:00 0 
7fd01e12f000-7fd01e22d000 rw-p 00000000 00:00 0 
7fd01e22d000-7fd01e230000 ---p 00000000 00:00 0 
7fd01e230000-7fd01e32e000 rw-p 00000000 00:00 0 
7fd01e32e000-7fd01e331000 ---p 00000000 00:00 0 
7fd01e331000-7fd01e42f000 rw-p 00000000 00:00 0 
7fd01e42f000-7fd01e432000 ---p 00000000 00:00 0 
7fd01e432000-7fd01e530000 rw-p 00000000 00:00 0 
7fd01e530000-7fd01e533000 ---p 00000000 00:00 0 
7fd01e533000-7fd01e631000 rw-p 00000000 00:00 0 
7fd01e631000-7fd01eff0000 r--p 00000000 08:01 5905673                    /usr/lib/locale/locale-archive
7fd01eff0000-7fd01eff3000 ---p 00000000 00:00 0 
7fd01eff3000-7fd01f0f1000 rw-p 00000000 00:00 0 
7fd01f0f1000-7fd01f0f4000 ---p 00000000 00:00 0 
7fd01f0f4000-7fd01f1f2000 rw-p 00000000 00:00 0 
7fd01f1f2000-7fd01f1f3000 ---p 00000000 00:00 0 
7fd01f1f3000-7fd020000000 rw-p 00000000 00:00 0 
7fd020000000-7fd020021000 rw-p 00000000 00:00 0 
7fd020021000-7fd024000000 ---p 00000000 00:00 0 
7fd024000000-7fd024031000 rw-p 00000000 00:00 0 
7fd024031000-7fd024034000 r--s 0000b000 08:01 2888242                    /home/nouran/fabric-samples/sqsnetwork/Docapi-2.0/ExpleoDocApp/frontend/platforms/android/gradle/wrapper/gradle-wrapper.jar
7fd024034000-7fd024035000 r--s 00010000 08:01 1446681                    /usr/lib/jvm/java-8-openjdk-amd64/jre/lib/ext/zipfs.jar
7fd024035000-7fd024050000 r--s 00394000 08:01 1446679                    /usr/lib/jvm/java-8-openjdk-amd64/jre/lib/ext/cldrdata.jar
7fd024050000-7fd02406b000 r--s 001d6000 08:01 1446674                    /usr/lib/jvm/java-8-openjdk-amd64/jre/lib/ext/nashorn.jar
7fd02406b000-7fd0242fd000 rw-p 00000000 00:00 0 
7fd0242fd000-7fd0244cf000 r--s 03ca5000 08:01 1446657                    /usr/lib/jvm/java-8-openjdk-amd64/jre/lib/rt.jar
7fd0244cf000-7fd02773d000 rw-p 00000000 00:00 0 
7fd02773d000-7fd02773e000 ---p 00000000 00:00 0 
7fd02773e000-7fd02783e000 rw-p 00000000 00:00 0 
7fd02783e000-7fd02783f000 ---p 00000000 00:00 0 
7fd02783f000-7fd02793f000 rw-p 00000000 00:00 0 
7fd02793f000-7fd027940000 ---p 00000000 00:00 0 
7fd027940000-7fd027a40000 rw-p 00000000 00:00 0 
7fd027a40000-7fd027a41000 ---p 00000000 00:00 0 
7fd027a41000-7fd027b5c000 rw-p 00000000 00:00 0 
7fd027b5c000-7fd027ce6000 ---p 00000000 00:00 0 
7fd027ce6000-7fd027d14000 rw-p 00000000 00:00 0 
7fd027d14000-7fd027db9000 ---p 00000000 00:00 0 
7fd027db9000-7fd027dca000 rw-p 00000000 00:00 0 
7fd027dca000-7fd02817a000 ---p 00000000 00:00 0 
7fd02817a000-7fd02854a000 rwxp 00000000 00:00 0 
7fd02854a000-7fd03717a000 ---p 00000000 00:00 0 
7fd03717a000-7fd037182000 r-xp 00000000 08:01 1446627                    /usr/lib/jvm/java-8-openjdk-amd64/jre/lib/amd64/libzip.so
7fd037182000-7fd037381000 ---p 00008000 08:01 1446627                    /usr/lib/jvm/java-8-openjdk-amd64/jre/lib/amd64/libzip.so
7fd037381000-7fd037382000 r--p 00007000 08:01 1446627                    /usr/lib/jvm/java-8-openjdk-amd64/jre/lib/amd64/libzip.so
7fd037382000-7fd037383000 rw-p 00008000 08:01 1446627                    /usr/lib/jvm/java-8-openjdk-amd64/jre/lib/amd64/libzip.so
7fd037383000-7fd03738e000 r-xp 00000000 08:01 4592630                    /lib/x86_64-linux-gnu/libnss_files-2.23.so
7fd03738e000-7fd03758d000 ---p 0000b000 08:01 4592630                    /lib/x86_64-linux-gnu/libnss_files-2.23.so
7fd03758d000-7fd03758e000 r--p 0000a000 08:01 4592630                    /lib/x86_64-linux-gnu/libnss_files-2.23.so
7fd03758e000-7fd03758f000 rw-p 0000b000 08:01 4592630                    /lib/x86_64-linux-gnu/libnss_files-2.23.so
7fd03758f000-7fd037595000 rw-p 00000000 00:00 0 
7fd037595000-7fd0375a0000 r-xp 00000000 08:01 4592640                    /lib/x86_64-linux-gnu/libnss_nis-2.23.so
7fd0375a0000-7fd03779f000 ---p 0000b000 08:01 4592640                    /lib/x86_64-linux-gnu/libnss_nis-2.23.so
7fd03779f000-7fd0377a0000 r--p 0000a000 08:01 4592640                    /lib/x86_64-linux-gnu/libnss_nis-2.23.so
7fd0377a0000-7fd0377a1000 rw-p 0000b000 08:01 4592640                    /lib/x86_64-linux-gnu/libnss_nis-2.23.so
7fd0377a1000-7fd0377b7000 r-xp 00000000 08:01 4592624                    /lib/x86_64-linux-gnu/libnsl-2.23.so
7fd0377b7000-7fd0379b6000 ---p 00016000 08:01 4592624                    /lib/x86_64-linux-gnu/libnsl-2.23.so
7fd0379b6000-7fd0379b7000 r--p 00015000 08:01 4592624                    /lib/x86_64-linux-gnu/libnsl-2.23.so
7fd0379b7000-7fd0379b8000 rw-p 00016000 08:01 4592624                    /lib/x86_64-linux-gnu/libnsl-2.23.so
7fd0379b8000-7fd0379ba000 rw-p 00000000 00:00 0 
7fd0379ba000-7fd0379c2000 r-xp 00000000 08:01 4592626                    /lib/x86_64-linux-gnu/libnss_compat-2.23.so
7fd0379c2000-7fd037bc1000 ---p 00008000 08:01 4592626                    /lib/x86_64-linux-gnu/libnss_compat-2.23.so
7fd037bc1000-7fd037bc2000 r--p 00007000 08:01 4592626                    /lib/x86_64-linux-gnu/libnss_compat-2.23.so
7fd037bc2000-7fd037bc3000 rw-p 00008000 08:01 4592626                    /lib/x86_64-linux-gnu/libnss_compat-2.23.so
7fd037bc3000-7fd037bec000 r-xp 00000000 08:01 1446619                    /usr/lib/jvm/java-8-openjdk-amd64/jre/lib/amd64/libjava.so
7fd037bec000-7fd037dec000 ---p 00029000 08:01 1446619                    /usr/lib/jvm/java-8-openjdk-amd64/jre/lib/amd64/libjava.so
7fd037dec000-7fd037ded000 r--p 00029000 08:01 1446619                    /usr/lib/jvm/java-8-openjdk-amd64/jre/lib/amd64/libjava.so
7fd037ded000-7fd037def000 rw-p 0002a000 08:01 1446619                    /usr/lib/jvm/java-8-openjdk-amd64/jre/lib/amd64/libjava.so
7fd037def000-7fd037dfe000 r-xp 00000000 08:01 1446641                    /usr/lib/jvm/java-8-openjdk-amd64/jre/lib/amd64/libverify.so
7fd037dfe000-7fd037ffd000 ---p 0000f000 08:01 1446641                    /usr/lib/jvm/java-8-openjdk-amd64/jre/lib/amd64/libverify.so
7fd037ffd000-7fd037fff000 r--p 0000e000 08:01 1446641                    /usr/lib/jvm/java-8-openjdk-amd64/jre/lib/amd64/libverify.so
7fd037fff000-7fd038000000 rw-p 00010000 08:01 1446641                    /usr/lib/jvm/java-8-openjdk-amd64/jre/lib/amd64/libverify.so
7fd038000000-7fd0382f1000 rw-p 00000000 00:00 0 
7fd0382f1000-7fd03c000000 ---p 00000000 00:00 0 
7fd03c000000-7fd03c004000 r--s 0003a000 08:01 1446682                    /usr/lib/jvm/java-8-openjdk-amd64/jre/lib/ext/sunpkcs11.jar
7fd03c004000-7fd03c00a000 r--s 0003d000 08:01 1446673                    /usr/lib/jvm/java-8-openjdk-amd64/jre/lib/ext/sunjce_provider.jar
7fd03c00a000-7fd03c046000 rw-p 00000000 00:00 0 
7fd03c046000-7fd03c1d1000 ---p 00000000 00:00 0 
7fd03c1d1000-7fd03c1d8000 r-xp 00000000 08:01 4592685                    /lib/x86_64-linux-gnu/librt-2.23.so
7fd03c1d8000-7fd03c3d7000 ---p 00007000 08:01 4592685                    /lib/x86_64-linux-gnu/librt-2.23.so
7fd03c3d7000-7fd03c3d8000 r--p 00006000 08:01 4592685                    /lib/x86_64-linux-gnu/librt-2.23.so
7fd03c3d8000-7fd03c3d9000 rw-p 00007000 08:01 4592685                    /lib/x86_64-linux-gnu/librt-2.23.so
7fd03c3d9000-7fd03c3ef000 r-xp 00000000 08:01 4592569                    /lib/x86_64-linux-gnu/libgcc_s.so.1
7fd03c3ef000-7fd03c5ee000 ---p 00016000 08:01 4592569                    /lib/x86_64-linux-gnu/libgcc_s.so.1
7fd03c5ee000-7fd03c5ef000 rw-p 00015000 08:01 4592569                    /lib/x86_64-linux-gnu/libgcc_s.so.1
7fd03c5ef000-7fd03c6f7000 r-xp 00000000 08:01 4592601                    /lib/x86_64-linux-gnu/libm-2.23.so
7fd03c6f7000-7fd03c8f6000 ---p 00108000 08:01 4592601                    /lib/x86_64-linux-gnu/libm-2.23.so
7fd03c8f6000-7fd03c8f7000 r--p 00107000 08:01 4592601                    /lib/x86_64-linux-gnu/libm-2.23.so
7fd03c8f7000-7fd03c8f8000 rw-p 00108000 08:01 4592601                    /lib/x86_64-linux-gnu/libm-2.23.so
7fd03c8f8000-7fd03ca6a000 r-xp 00000000 08:01 5900290                    /usr/lib/x86_64-linux-gnu/libstdc++.so.6.0.21
7fd03ca6a000-7fd03cc6a000 ---p 00172000 08:01 5900290                    /usr/lib/x86_64-linux-gnu/libstdc++.so.6.0.21
7fd03cc6a000-7fd03cc74000 r--p 00172000 08:01 5900290                    /usr/lib/x86_64-linux-gnu/libstdc++.so.6.0.21
7fd03cc74000-7fd03cc76000 rw-p 0017c000 08:01 5900290                    /usr/lib/x86_64-linux-gnu/libstdc++.so.6.0.21
7fd03cc76000-7fd03cc7a000 rw-p 00000000 00:00 0 
7fd03cc7a000-7fd03d8e2000 r-xp 00000000 08:01 1446621                    /usr/lib/jvm/java-8-openjdk-amd64/jre/lib/amd64/server/libjvm.so
7fd03d8e2000-7fd03dae2000 ---p 00c68000 08:01 1446621                    /usr/lib/jvm/java-8-openjdk-amd64/jre/lib/amd64/server/libjvm.so
7fd03dae2000-7fd03db76000 r--p 00c68000 08:01 1446621                    /usr/lib/jvm/java-8-openjdk-amd64/jre/lib/amd64/server/libjvm.so
7fd03db76000-7fd03db9f000 rw-p 00cfc000 08:01 1446621                    /usr/lib/jvm/java-8-openjdk-amd64/jre/lib/amd64/server/libjvm.so
7fd03db9f000-7fd03dbcf000 rw-p 00000000 00:00 0 
7fd03dbcf000-7fd03dbe7000 r-xp 00000000 08:01 4592677                    /lib/x86_64-linux-gnu/libpthread-2.23.so
7fd03dbe7000-7fd03dde6000 ---p 00018000 08:01 4592677                    /lib/x86_64-linux-gnu/libpthread-2.23.so
7fd03dde6000-7fd03dde7000 r--p 00017000 08:01 4592677                    /lib/x86_64-linux-gnu/libpthread-2.23.so
7fd03dde7000-7fd03dde8000 rw-p 00018000 08:01 4592677                    /lib/x86_64-linux-gnu/libpthread-2.23.so
7fd03dde8000-7fd03ddec000 rw-p 00000000 00:00 0 
7fd03ddec000-7fd03ddef000 r-xp 00000000 08:01 4592555                    /lib/x86_64-linux-gnu/libdl-2.23.so
7fd03ddef000-7fd03dfee000 ---p 00003000 08:01 4592555                    /lib/x86_64-linux-gnu/libdl-2.23.so
7fd03dfee000-7fd03dfef000 r--p 00002000 08:01 4592555                    /lib/x86_64-linux-gnu/libdl-2.23.so
7fd03dfef000-7fd03dff0000 rw-p 00003000 08:01 4592555                    /lib/x86_64-linux-gnu/libdl-2.23.so
7fd03dff0000-7fd03e009000 r-xp 00000000 08:01 4587525                    /lib/x86_64-linux-gnu/libz.so.1.2.8
7fd03e009000-7fd03e208000 ---p 00019000 08:01 4587525                    /lib/x86_64-linux-gnu/libz.so.1.2.8
7fd03e208000-7fd03e209000 r--p 00018000 08:01 4587525                    /lib/x86_64-linux-gnu/libz.so.1.2.8
7fd03e209000-7fd03e20a000 rw-p 00019000 08:01 4587525                    /lib/x86_64-linux-gnu/libz.so.1.2.8
7fd03e20a000-7fd03e3ca000 r-xp 00000000 08:01 4592531                    /lib/x86_64-linux-gnu/libc-2.23.so
7fd03e3ca000-7fd03e5ca000 ---p 001c0000 08:01 4592531                    /lib/x86_64-linux-gnu/libc-2.23.so
7fd03e5ca000-7fd03e5ce000 r--p 001c0000 08:01 4592531                    /lib/x86_64-linux-gnu/libc-2.23.so
7fd03e5ce000-7fd03e5d0000 rw-p 001c4000 08:01 4592531                    /lib/x86_64-linux-gnu/libc-2.23.so
7fd03e5d0000-7fd03e5d4000 rw-p 00000000 00:00 0 
7fd03e5d4000-7fd03e5e1000 r-xp 00000000 08:01 1446618                    /usr/lib/jvm/java-8-openjdk-amd64/jre/lib/amd64/jli/libjli.so
7fd03e5e1000-7fd03e7e1000 ---p 0000d000 08:01 1446618                    /usr/lib/jvm/java-8-openjdk-amd64/jre/lib/amd64/jli/libjli.so
7fd03e7e1000-7fd03e7e2000 r--p 0000d000 08:01 1446618                    /usr/lib/jvm/java-8-openjdk-amd64/jre/lib/amd64/jli/libjli.so
7fd03e7e2000-7fd03e7e3000 rw-p 0000e000 08:01 1446618                    /usr/lib/jvm/java-8-openjdk-amd64/jre/lib/amd64/jli/libjli.so
7fd03e7e3000-7fd03e809000 r-xp 00000000 08:01 4592503                    /lib/x86_64-linux-gnu/ld-2.23.so
7fd03e809000-7fd03e80c000 r--s 0000f000 08:01 1446680                    /usr/lib/jvm/java-8-openjdk-amd64/jre/lib/ext/icedtea-sound.jar
7fd03e80c000-7fd03e8ea000 rw-p 00000000 00:00 0 
7fd03e8ea000-7fd03e8ed000 ---p 00000000 00:00 0 
7fd03e8ed000-7fd03e9ef000 rw-p 00000000 00:00 0 
7fd03e9ef000-7fd03e9f0000 r--s 0000d000 08:01 1446675                    /usr/lib/jvm/java-8-openjdk-amd64/jre/lib/ext/sunec.jar
7fd03e9f0000-7fd03e9f2000 r--s 00001000 08:01 1446676                    /usr/lib/jvm/java-8-openjdk-amd64/jre/lib/ext/dnsns.jar
7fd03e9f2000-7fd03e9f3000 r--s 0000a000 08:01 1446678                    /usr/lib/jvm/java-8-openjdk-amd64/jre/lib/ext/jaccess.jar
7fd03e9f3000-7fd03e9fd000 r--s 00116000 08:01 1446677                    /usr/lib/jvm/java-8-openjdk-amd64/jre/lib/ext/localedata.jar
7fd03e9fd000-7fd03ea05000 rw-s 00000000 08:01 1448301                    /tmp/hsperfdata_nouran/28284
7fd03ea05000-7fd03ea06000 rw-p 00000000 00:00 0 
7fd03ea06000-7fd03ea07000 ---p 00000000 00:00 0 
7fd03ea07000-7fd03ea08000 rw-p 00000000 00:00 0 
7fd03ea08000-7fd03ea09000 r--p 00025000 08:01 4592503                    /lib/x86_64-linux-gnu/ld-2.23.so
7fd03ea09000-7fd03ea0a000 rw-p 00026000 08:01 4592503                    /lib/x86_64-linux-gnu/ld-2.23.so
7fd03ea0a000-7fd03ea0b000 rw-p 00000000 00:00 0 
7ffc9ee7d000-7ffc9ee9f000 rw-p 00000000 00:00 0                          [stack]
7ffc9eeba000-7ffc9eebd000 r--p 00000000 00:00 0                          [vvar]
7ffc9eebd000-7ffc9eebf000 r-xp 00000000 00:00 0                          [vdso]
ffffffffff600000-ffffffffff601000 r-xp 00000000 00:00 0                  [vsyscall]

VM Arguments:
jvm_args: -Dorg.gradle.appname=gradlew 
java_command: org.gradle.wrapper.GradleWrapperMain cdvBuildDebug -b /home/nouran/fabric-samples/sqsnetwork/Docapi-2.0/ExpleoDocApp/frontend/platforms/android/build.gradle
java_class_path (initial): /home/nouran/fabric-samples/sqsnetwork/Docapi-2.0/ExpleoDocApp/frontend/platforms/android/gradle/wrapper/gradle-wrapper.jar
Launcher Type: SUN_STANDARD

Environment Variables:
JAVA_HOME=/usr/lib/jvm/java-8-openjdk-amd64
PATH=/home/nouran/.nvm/versions/node/v10.15.1/bin:/usr/local/sbin:/usr/local/bin:/usr/sbin:/usr/bin:/sbin:/bin:/usr/games:/usr/local/games:/home/nouran/Android/Sdk/tools:/home/nouran/Android/Sdk/platform-tools:/home/nouran/Android/Sdk/tools/bin
SHELL=/bin/bash
DISPLAY=:0

Signal Handlers:
SIGSEGV: [libjvm.so+0xa7bb00], sa_mask[0]=11111111011111111101111111111110, sa_flags=SA_RESTART|SA_SIGINFO
SIGBUS: [libjvm.so+0xa7bb00], sa_mask[0]=11111111011111111101111111111110, sa_flags=SA_RESTART|SA_SIGINFO
SIGFPE: [libjvm.so+0x8c3d50], sa_mask[0]=11111111011111111101111111111110, sa_flags=SA_RESTART|SA_SIGINFO
SIGPIPE: [libjvm.so+0x8c3d50], sa_mask[0]=11111111011111111101111111111110, sa_flags=SA_RESTART|SA_SIGINFO
SIGXFSZ: [libjvm.so+0x8c3d50], sa_mask[0]=11111111011111111101111111111110, sa_flags=SA_RESTART|SA_SIGINFO
SIGILL: [libjvm.so+0x8c3d50], sa_mask[0]=11111111011111111101111111111110, sa_flags=SA_RESTART|SA_SIGINFO
SIGUSR1: SIG_DFL, sa_mask[0]=00000000000000000000000000000000, sa_flags=none
SIGUSR2: [libjvm.so+0x8c3c00], sa_mask[0]=00000000000000000000000000000000, sa_flags=SA_RESTART|SA_SIGINFO
SIGHUP: [libjvm.so+0x8c4290], sa_mask[0]=11111111011111111101111111111110, sa_flags=SA_RESTART|SA_SIGINFO
SIGINT: [libjvm.so+0x8c4290], sa_mask[0]=11111111011111111101111111111110, sa_flags=SA_RESTART|SA_SIGINFO
SIGTERM: [libjvm.so+0x8c4290], sa_mask[0]=11111111011111111101111111111110, sa_flags=SA_RESTART|SA_SIGINFO
SIGQUIT: [libjvm.so+0x8c4290], sa_mask[0]=11111111011111111101111111111110, sa_flags=SA_RESTART|SA_SIGINFO


---------------  S Y S T E M  ---------------

OS:DISTRIB_ID=Ubuntu
DISTRIB_RELEASE=16.04
DISTRIB_CODENAME=xenial
DISTRIB_DESCRIPTION="Ubuntu 16.04.6 LTS"

uname:Linux 4.15.0-45-generic #48~16.04.1-Ubuntu SMP Tue Jan 29 18:03:48 UTC 2019 x86_64
libc:glibc 2.23 NPTL 2.23 
rlimit: STACK 8192k, CORE 0k, NPROC 19977, NOFILE 1048576, AS infinity
load average:112.27 81.25 38.50

/proc/meminfo:
MemTotal:        5173752 kB
MemFree:           92084 kB
MemAvailable:      17136 kB
Buffers:             424 kB
Cached:            50028 kB
SwapCached:          272 kB
Active:          3643364 kB
Inactive:        1050736 kB
Active(anon):    3631340 kB
Inactive(anon):  1038952 kB
Active(file):      12024 kB
Inactive(file):    11784 kB
Unevictable:          48 kB
Mlocked:              48 kB
SwapTotal:        998396 kB
SwapFree:              0 kB
Dirty:                64 kB
Writeback:             0 kB
AnonPages:       4643768 kB
Mapped:            44256 kB
Shmem:             26332 kB
Slab:             210096 kB
SReclaimable:      72636 kB
SUnreclaim:       137460 kB
KernelStack:       29504 kB
PageTables:        63940 kB
NFS_Unstable:          0 kB
Bounce:                0 kB
WritebackTmp:          0 kB
CommitLimit:     3585272 kB
Committed_AS:   22612004 kB
VmallocTotal:   34359738367 kB
VmallocUsed:           0 kB
VmallocChunk:          0 kB
HardwareCorrupted:     0 kB
AnonHugePages:     63488 kB
ShmemHugePages:        0 kB
ShmemPmdMapped:        0 kB
CmaTotal:              0 kB
CmaFree:               0 kB
HugePages_Total:       0
HugePages_Free:        0
HugePages_Rsvd:        0
HugePages_Surp:        0
Hugepagesize:       2048 kB
DirectMap4k:      247744 kB
DirectMap2M:     5099520 kB

container (cgroup) information:
container_type: cgroupv1
cpu_cpuset_cpus: 0-3
cpu_memory_nodes: 0
active_processor_count: 4
cpu_quota: -1
cpu_period: 100000
cpu_shares: -1
memory_limit_in_bytes: -1
memory_and_swap_limit_in_bytes: -2
memory_soft_limit_in_bytes: -1
memory_usage_in_bytes: 4092608512
memory_max_usage_in_bytes: 4217040896


CPU:total 4 (initial active 4) (4 cores per cpu, 1 threads per core) family 6 model 142 stepping 11, cmov, cx8, fxsr, mmx, sse, sse2, sse3, ssse3, sse4.1, sse4.2, popcnt, avx, avx2, aes, clmul, 3dnowpref, lzcnt, tsc, tscinvbit

/proc/cpuinfo:
processor	: 0
vendor_id	: GenuineIntel
cpu family	: 6
model		: 142
model name	: Intel(R) Core(TM) i5-8265U CPU @ 1.60GHz
stepping	: 11
cpu MHz		: 1799.999
cache size	: 6144 KB
physical id	: 0
siblings	: 4
core id		: 0
cpu cores	: 4
apicid		: 0
initial apicid	: 0
fpu		: yes
fpu_exception	: yes
cpuid level	: 22
wp		: yes
flags		: fpu vme de pse tsc msr pae mce cx8 apic sep mtrr pge mca cmov pat pse36 clflush mmx fxsr sse sse2 ht syscall nx rdtscp lm constant_tsc rep_good nopl xtopology nonstop_tsc cpuid pni pclmulqdq ssse3 cx16 pcid sse4_1 sse4_2 x2apic movbe popcnt aes xsave avx rdrand hypervisor lahf_lm abm 3dnowprefetch invpcid_single pti fsgsbase avx2 invpcid rdseed clflushopt flush_l1d
bugs		: cpu_meltdown spectre_v1 spectre_v2 spec_store_bypass l1tf
bogomips	: 3599.99
clflush size	: 64
cache_alignment	: 64
address sizes	: 39 bits physical, 48 bits virtual
power management:

processor	: 1
vendor_id	: GenuineIntel
cpu family	: 6
model		: 142
model name	: Intel(R) Core(TM) i5-8265U CPU @ 1.60GHz
stepping	: 11
cpu MHz		: 1799.999
cache size	: 6144 KB
physical id	: 0
siblings	: 4
core id		: 1
cpu cores	: 4
apicid		: 1
initial apicid	: 1
fpu		: yes
fpu_exception	: yes
cpuid level	: 22
wp		: yes
flags		: fpu vme de pse tsc msr pae mce cx8 apic sep mtrr pge mca cmov pat pse36 clflush mmx fxsr sse sse2 ht syscall nx rdtscp lm constant_tsc rep_good nopl xtopology nonstop_tsc cpuid pni pclmulqdq ssse3 cx16 pcid sse4_1 sse4_2 x2apic movbe popcnt aes xsave avx rdrand hypervisor lahf_lm abm 3dnowprefetch invpcid_single pti fsgsbase avx2 invpcid rdseed clflushopt flush_l1d
bugs		: cpu_meltdown spectre_v1 spectre_v2 spec_store_bypass l1tf
bogomips	: 3599.99
clflush size	: 64
cache_alignment	: 64
address sizes	: 39 bits physical, 48 bits virtual
power management:

processor	: 2
vendor_id	: GenuineIntel
cpu family	: 6
model		: 142
model name	: Intel(R) Core(TM) i5-8265U CPU @ 1.60GHz
stepping	: 11
cpu MHz		: 1799.999
cache size	: 6144 KB
physical id	: 0
siblings	: 4
core id		: 2
cpu cores	: 4
apicid		: 2
initial apicid	: 2
fpu		: yes
fpu_exception	: yes
cpuid level	: 22
wp		: yes
flags		: fpu vme de pse tsc msr pae mce cx8 apic sep mtrr pge mca cmov pat pse36 clflush mmx fxsr sse sse2 ht syscall nx rdtscp lm constant_tsc rep_good nopl xtopology nonstop_tsc cpuid pni pclmulqdq ssse3 cx16 pcid sse4_1 sse4_2 x2apic movbe popcnt aes xsave avx rdrand hypervisor lahf_lm abm 3dnowprefetch invpcid_single pti fsgsbase avx2 invpcid rdseed clflushopt flush_l1d
bugs		: cpu_meltdown spectre_v1 spectre_v2 spec_store_bypass l1tf
bogomips	: 3599.99
clflush size	: 64
cache_alignment	: 64
address sizes	: 39 bits physical, 48 bits virtual
power management:

processor	: 3
vendor_id	: GenuineIntel
cpu family	: 6
model		: 142
model name	: Intel(R) Core(TM) i5-8265U CPU @ 1.60GHz
stepping	: 11
cpu MHz		: 1799.999
cache size	: 6144 KB
physical id	: 0
siblings	: 4
core id		: 3
cpu cores	: 4
apicid		: 3
initial apicid	: 3
fpu		: yes
fpu_exception	: yes
cpuid level	: 22
wp		: yes
flags		: fpu vme de pse tsc msr pae mce cx8 apic sep mtrr pge mca cmov pat pse36 clflush mmx fxsr sse sse2 ht syscall nx rdtscp lm constant_tsc rep_good nopl xtopology nonstop_tsc cpuid pni pclmulqdq ssse3 cx16 pcid sse4_1 sse4_2 x2apic movbe popcnt aes xsave avx rdrand hypervisor lahf_lm abm 3dnowprefetch invpcid_single pti fsgsbase avx2 invpcid rdseed clflushopt flush_l1d
bugs		: cpu_meltdown spectre_v1 spectre_v2 spec_store_bypass l1tf
bogomips	: 3599.99
clflush size	: 64
cache_alignment	: 64
address sizes	: 39 bits physical, 48 bits virtual
power management:



Memory: 4k page, physical 5173752k(89236k free), swap 998396k(0k free)

vm_info: OpenJDK 64-Bit Server VM (25.252-b09) for linux-amd64 JRE (1.8.0_252-8u252-b09-1~16.04-b09), built on Apr 15 2020 21:06:51 by "buildd" with gcc 5.4.0 20160609

time: Wed Jun 17 16:52:49 2020
timezone: CST
elapsed time: 348 seconds (0d 0h 5m 48s)

